2025-10-19 14:21:37 [WARNING]  - 27080
2025-10-19 14:21:38 [INFO]  - 5699
2025-10-19 14:21:38 [CRITICAL]  - 22048
2025-10-19 14:21:38 [CRITICAL]  - 10475
2025-10-19 14:21:38 [DEBUG]  - 23513
2025-10-19 14:21:38 [CRITICAL]  - 6957
2025-10-19 14:21:38 [WARNING]  - 10613
2025-10-19 14:21:38 [INFO]  - 12912
2025-10-19 14:21:38 [INFO]  - 24727
2025-10-19 14:21:38 [CRITICAL]  - 30319
2025-10-19 14:21:38 [INFO]  - 4264
2025-10-19 14:21:38 [DEBUG]  - 796
2025-10-19 14:21:38 [DEBUG]  - 20467
2025-10-19 14:21:38 [INFO]  - 17506
2025-10-19 14:21:38 [CRITICAL]  - 2408
2025-10-19 14:21:38 [ERROR] Invalid input - 4020
2025-10-19 14:21:38 [WARNING]  - 17031
2025-10-19 14:21:38 [WARNING]  - 10755
2025-10-19 14:21:38 [INFO]  - 27478
2025-10-19 14:21:38 [INFO]  - 4513
2025-10-19 14:21:38 [ERROR] Disk full - 5580
2025-10-19 14:21:38 [DEBUG]  - 7131
2025-10-19 14:21:38 [ERROR] Disk full - 28384
2025-10-19 14:21:38 [WARNING]  - 17085
2025-10-19 14:21:38 [DEBUG]  - 1353
2025-10-19 14:21:38 [CRITICAL]  - 20812
2025-10-19 14:21:38 [ERROR] Invalid input - 11121
2025-10-19 14:21:38 [CRITICAL]  - 19436
2025-10-19 14:21:39 [INFO]  - 11770
2025-10-19 14:21:39 [CRITICAL]  - 4042
2025-10-19 14:21:39 [CRITICAL]  - 23402
2025-10-19 14:21:39 [WARNING]  - 5828
2025-10-19 14:21:39 [DEBUG]  - 7891
2025-10-19 14:21:39 [CRITICAL]  - 9832
2025-10-19 14:21:39 [DEBUG]  - 23952
2025-10-19 14:21:39 [CRITICAL]  - 22587
2025-10-19 14:21:39 [INFO]  - 25386
2025-10-19 14:21:39 [INFO]  - 27351
2025-10-19 14:21:39 [WARNING]  - 7283
2025-10-19 14:21:39 [INFO]  - 5959
2025-10-19 14:21:39 [INFO]  - 17172
2025-10-19 14:21:39 [WARNING]  - 32606
2025-10-19 14:21:39 [CRITICAL]  - 21248
2025-10-19 14:21:39 [DEBUG]  - 20131
2025-10-19 14:21:39 [ERROR] Invalid input - 24137
2025-10-19 14:21:39 [WARNING]  - 6027
2025-10-19 14:21:39 [WARNING]  - 7762
2025-10-19 14:21:39 [WARNING]  - 6351
2025-10-19 14:21:39 [ERROR] Out of memory - 14098
2025-10-19 14:21:39 [DEBUG]  - 5130
2025-10-19 14:21:39 [WARNING]  - 19627
2025-10-19 14:21:39 [WARNING]  - 7444
2025-10-19 14:21:39 [CRITICAL]  - 29864
2025-10-19 14:21:39 [WARNING]  - 24814
2025-10-19 14:21:40 [INFO]  - 23382
2025-10-19 14:21:40 [ERROR] Segmentation fault - 4598
2025-10-19 14:21:40 [CRITICAL]  - 27837
2025-10-19 14:21:40 [ERROR] Out of memory - 7207
2025-10-19 14:21:40 [WARNING]  - 14580
2025-10-19 14:21:40 [CRITICAL]  - 13257
2025-10-19 14:21:40 [INFO]  - 26086
2025-10-19 14:21:40 [WARNING]  - 12398
2025-10-19 14:21:40 [CRITICAL]  - 3226
2025-10-19 14:21:40 [DEBUG]  - 30041
2025-10-19 14:21:40 [INFO]  - 25703
2025-10-19 14:21:40 [DEBUG]  - 10110
2025-10-19 14:21:40 [DEBUG]  - 1316
2025-10-19 14:21:40 [DEBUG]  - 18293
2025-10-19 14:21:40 [CRITICAL]  - 8682
2025-10-19 14:21:40 [CRITICAL]  - 23544
2025-10-19 14:21:40 [DEBUG]  - 10019
2025-10-19 14:21:40 [ERROR] Failed to connect - 7616
2025-10-19 14:21:40 [CRITICAL]  - 10745
2025-10-19 14:21:40 [CRITICAL]  - 27552
2025-10-19 14:21:40 [ERROR] Segmentation fault - 8581
2025-10-19 14:21:40 [INFO]  - 25360
2025-10-19 14:21:40 [DEBUG]  - 9170
2025-10-19 14:21:40 [ERROR] Out of memory - 26938
2025-10-19 14:21:40 [ERROR] Failed to connect - 11637
2025-10-19 14:21:40 [DEBUG]  - 6702
2025-10-19 14:21:41 [WARNING]  - 25261
2025-10-19 14:21:41 [ERROR] Disk full - 14099
2025-10-19 14:21:41 [CRITICAL]  - 22051
2025-10-19 14:21:41 [DEBUG]  - 18494
2025-10-19 14:21:41 [ERROR] Invalid input - 23120
2025-10-19 14:21:41 [DEBUG]  - 18077
2025-10-19 14:21:41 [DEBUG]  - 5466
2025-10-19 14:21:41 [DEBUG]  - 6307
2025-10-19 14:21:41 [ERROR] Segmentation fault - 26180
2025-10-19 14:21:41 [DEBUG]  - 9054
2025-10-19 14:21:41 [ERROR] Out of memory - 15573
2025-10-19 14:21:41 [ERROR] Disk full - 3788
2025-10-19 14:21:41 [ERROR] Invalid input - 14600
2025-10-19 14:21:41 [ERROR] Disk full - 7956
2025-10-19 14:21:41 [WARNING]  - 16327
2025-10-19 14:21:41 [WARNING]  - 2444
2025-10-19 14:21:41 [CRITICAL]  - 21544
2025-10-19 14:21:41 [DEBUG]  - 654
2025-10-19 14:21:41 [INFO]  - 22518
2025-10-19 14:21:41 [WARNING]  - 30242
